<?xml version="1.0" encoding="UTF-8"?>
<!-- Generated by org.testng.reporters.JUnitReportReporter -->
<testsuite hostname="Tejas-01" name="myPackage.SeleniumGrid1" tests="2" failures="0" timestamp="16 Jan 2021 17:33:09 GMT" time="17.231" errors="0">
  <testcase name="login" time="8.649" classname="myPackage.SeleniumGrid1"/>
  <testcase name="login" time="8.582" classname="myPackage.SeleniumGrid1"/>
</testsuite> <!-- myPackage.SeleniumGrid1 -->
