<?xml version="1.0" encoding="UTF-8"?>
<!-- Generated by org.testng.reporters.JUnitReportReporter -->
<testsuite skipped="0" hostname="Tejas-01" name="javaPackage.TestNG1" tests="2" failures="0" timestamp="17 Sep 2020 17:59:58 GMT" time="0.003" errors="0">
  <testcase name="a2" time="0.001" classname="javaPackage.TestNG1"/>
  <testcase name="a1" time="0.002" classname="javaPackage.TestNG1"/>
</testsuite> <!-- javaPackage.TestNG1 -->
