<?xml version="1.0" encoding="UTF-8"?>
<!-- Generated by org.testng.reporters.JUnitReportReporter -->
<testsuite skipped="2" hostname="Tejas-01" name="javaPackage.TestNG5" tests="4" failures="0" timestamp="17 Sep 2020 17:59:58 GMT" time="0.003" errors="0">
  <testcase name="d" time="0.001" classname="javaPackage.TestNG5"/>
  <testcase name="d" time="0.001" classname="javaPackage.TestNG5"/>
  <testcase name="e" time="0.001" classname="javaPackage.TestNG5">
    <skipped/>
  </testcase> <!-- e -->
  <testcase name="a" classname="javaPackage.TestNG5">
    <skipped/>
  </testcase> <!-- a -->
</testsuite> <!-- javaPackage.TestNG5 -->
