<?xml version="1.0" encoding="UTF-8"?>
<!-- Generated by org.testng.reporters.JUnitReportReporter -->
<testsuite skipped="0" hostname="Tejas-01" name="javaPackage.TestNG4" tests="5" failures="0" timestamp="17 Sep 2020 17:59:58 GMT" time="0.012" errors="0">
  <testcase name="b" time="0.005" classname="javaPackage.TestNG4"/>
  <testcase name="a2" time="0.002" classname="javaPackage.TestNG4"/>
  <testcase name="e" time="0.001" classname="javaPackage.TestNG4"/>
  <testcase name="G" time="0.002" classname="javaPackage.TestNG4"/>
  <testcase name="g" time="0.002" classname="javaPackage.TestNG4"/>
</testsuite> <!-- javaPackage.TestNG4 -->
