<?xml version="1.0" encoding="UTF-8"?>
<!-- Generated by org.testng.reporters.JUnitReportReporter -->
<testsuite hostname="Tejas-01" name="myPackage.TestNG4" tests="8" failures="0" timestamp="7 Dec 2020 17:28:03 GMT" time="0.065" errors="0">
  <testcase name="G" time="0.003" classname="myPackage.TestNG4"/>
  <testcase name="c" time="0.001" classname="myPackage.TestNG4"/>
  <testcase name="e" time="0.004" classname="myPackage.TestNG4"/>
  <testcase name="d" time="0.002" classname="myPackage.TestNG4"/>
  <testcase name="g" time="0.001" classname="myPackage.TestNG4"/>
  <testcase name="b" time="0.045" classname="myPackage.TestNG4"/>
  <testcase name="a1" time="0.002" classname="myPackage.TestNG4"/>
  <testcase name="a2" time="0.007" classname="myPackage.TestNG4"/>
</testsuite> <!-- myPackage.TestNG4 -->
