<?xml version="1.0" encoding="UTF-8"?>
<!-- Generated by org.testng.reporters.JUnitReportReporter -->
<testsuite skipped="0" hostname="Tejas-01" name="javaPackage.Assertion1" tests="1" failures="0" timestamp="19 Sep 2020 11:57:23 GMT" time="14.357" errors="0">
  <testcase name="testCase1" time="14.357" classname="javaPackage.Assertion1"/>
</testsuite> <!-- javaPackage.Assertion1 -->
