<?xml version="1.0" encoding="UTF-8"?>
<!-- Generated by org.testng.reporters.JUnitReportReporter -->
<testsuite hostname="Tejas-01" name="myPackage.TestNG1" tests="2" failures="0" timestamp="27 Jan 2021 15:53:08 GMT" time="0.010" errors="0">
  <testcase name="a1" time="0.007" classname="myPackage.TestNG1"/>
  <testcase name="a2" time="0.003" classname="myPackage.TestNG1"/>
</testsuite> <!-- myPackage.TestNG1 -->
