<?xml version="1.0" encoding="UTF-8"?>
<!-- Generated by org.testng.reporters.JUnitReportReporter -->
<testsuite hostname="Tejas-01" name="com.facebook.tests.LoginTest" tests="1" failures="0" timestamp="27 Jan 2021 16:51:06 GMT" time="9.466" errors="0">
  <testcase name="doLoginTest" time="9.466" classname="com.facebook.tests.LoginTest"/>
</testsuite> <!-- com.facebook.tests.LoginTest -->
