<?xml version="1.0" encoding="UTF-8"?>
<!-- Generated by org.testng.reporters.JUnitReportReporter -->
<testsuite skipped="0" hostname="Tejas-01" name="javaPackage.TestNG6" tests="3" failures="0" timestamp="17 Sep 2020 17:59:58 GMT" time="0.006" errors="0">
  <testcase name="b" time="0.001" classname="javaPackage.TestNG6"/>
  <testcase name="b" time="0.001" classname="javaPackage.TestNG6"/>
  <testcase name="a" time="0.004" classname="javaPackage.TestNG6"/>
</testsuite> <!-- javaPackage.TestNG6 -->
