<?xml version="1.0" encoding="UTF-8"?>
<!-- Generated by org.testng.reporters.JUnitReportReporter -->
<testsuite hostname="Tejas-01" name="myPackage.Assertion1" tests="1" failures="0" timestamp="29 Jan 2021 02:56:29 GMT" time="19.199" errors="0">
  <testcase name="testCase1" time="19.199" classname="myPackage.Assertion1"/>
</testsuite> <!-- myPackage.Assertion1 -->
