<?xml version="1.0" encoding="UTF-8"?>
<!-- Generated by org.testng.reporters.JUnitReportReporter -->
<testsuite skipped="0" hostname="Tejas-01" name="javaPackage.TestNG3" tests="4" failures="0" timestamp="02 Oct 2020 11:00:48 GMT" time="0.013" errors="0">
  <testcase name="a3" time="0.001" classname="javaPackage.TestNG3"/>
  <testcase name="f" time="0.001" classname="javaPackage.TestNG3"/>
  <testcase name="t" time="0.001" classname="javaPackage.TestNG3"/>
  <testcase name="a1" time="0.010" classname="javaPackage.TestNG3"/>
</testsuite> <!-- javaPackage.TestNG3 -->
