<?xml version="1.0" encoding="UTF-8"?>
<!-- Generated by org.testng.reporters.JUnitReportReporter -->
<testsuite skipped="0" hostname="Tejas-01" name="javaPackage.TestNG2" tests="1" failures="0" timestamp="17 Sep 2020 17:59:58 GMT" time="0.021" errors="0">
  <testcase name="assertionCheck" time="0.021" classname="javaPackage.TestNG2"/>
</testsuite> <!-- javaPackage.TestNG2 -->
