<?xml version="1.0" encoding="UTF-8"?>
<!-- Generated by org.testng.reporters.JUnitReportReporter -->
<testsuite skipped="0" hostname="Tejas-01" name="javaPackage.TestNG8" tests="5" failures="0" timestamp="17 Sep 2020 17:59:58 GMT" time="0.003" errors="0">
  <testcase name="a2" time="0.000" classname="javaPackage.TestNG8"/>
  <testcase name="a" time="0.001" classname="javaPackage.TestNG8"/>
  <testcase name="s" time="0.001" classname="javaPackage.TestNG8"/>
  <testcase name="S" time="0.001" classname="javaPackage.TestNG8"/>
  <testcase name="A2" time="0.000" classname="javaPackage.TestNG8"/>
</testsuite> <!-- javaPackage.TestNG8 -->
