<?xml version="1.0" encoding="UTF-8"?>
<!-- Generated by org.testng.reporters.JUnitReportReporter -->
<testsuite skipped="2" hostname="Tejas-01" name="SeleniumPackage.TestNG1" tests="6" failures="0" timestamp="03 Mar 2021 09:40:27 GMT" time="0.014" errors="0">
  <testcase name="A2" time="0.010" classname="SeleniumPackage.TestNG1"/>
  <testcase name="a" time="0.001" classname="SeleniumPackage.TestNG1">
    <skipped/>
  </testcase> <!-- a -->
  <testcase name="a2" time="0.001" classname="SeleniumPackage.TestNG1"/>
  <testcase name="S" time="0.001" classname="SeleniumPackage.TestNG1"/>
  <testcase name="A" time="0.001" classname="SeleniumPackage.TestNG1"/>
  <testcase name="s" classname="SeleniumPackage.TestNG1">
    <skipped/>
  </testcase> <!-- s -->
</testsuite> <!-- SeleniumPackage.TestNG1 -->
